#!/bin/bash
# ============================================
# Strace Application Log
# Generated: $(date)
# ============================================

# This file contains strace output.
# To generate:
#   strace -f -o traces/strace/app.log ./your_app

# Sample strace output for a simple application:

execve("./rock3-app", ["./rock3-app", "--test"], 0x7fffffffe000 /* 23 vars */) = 0
brk(NULL)                               = 0x555555572000
mmap(NULL, 8192, PROT_READ|PROT_WRITE, MAP_PRIVATE|MAP_ANONYMOUS, -1, 0) = 0x7ffff7fec000
access("/etc/ld.so.preload", R_OK)      = -1 ENOENT (No such file or directory)
openat(AT_FDCWD, "/etc/ld.so.cache", O_RDONLY|O_CLOEXEC) = 3
fstat(3, {st_mode=S_IFREG|0644, st_size=12345, ...}) = 0
mmap(NULL, 12345, PROT_READ, MAP_PRIVATE, 3, 0) = 0x7ffff7fe7000
close(3)                                = 0
openat(AT_FDCWD, "/lib/aarch64-linux-gnu/libc.so.6", O_RDONLY|O_CLOEXEC) = 3
read(3, "\177ELF\2\1\1\3\0\0\0\0\0\0\0\0\3\0\267\0\1\0\0\0`\236\2\0\0\0\0\0"..., 832) = 832
fstat(3, {st_mode=S_IFREG|0644, st_size=1234567, ...}) = 0
mmap(NULL, 8192, PROT_READ|PROT_WRITE, MAP_PRIVATE|MAP_ANONYMOUS, -1, 0) = 0x7ffff7fe5000
mmap(NULL, 1234567, PROT_READ|PROT_EXEC, MAP_PRIVATE|MAP_DENYWRITE, 3, 0) = 0x7ffff7e00000
mprotect(0x7ffff7f00000, 65536, PROT_NONE) = 0
mmap(0x7ffff7f10000, 65536, PROT_READ|PROT_WRITE, MAP_PRIVATE|MAP_FIXED|MAP_DENYWRITE, 3, 0x10000) = 0x7ffff7f10000
mmap(0x7ffff7f20000, 65536, PROT_READ|PROT_WRITE, MAP_PRIVATE|MAP_FIXED|MAP_ANONYMOUS, -1, 0) = 0x7ffff7f20000
close(3)                                = 0
openat(AT_FDCWD, "/sys/class/thermal/thermal_zone0/temp", O_RDONLY) = 3
read(3, "55000\n", 4096)                = 6
close(3)                                = 0
openat(AT_FDCWD, "/proc/cpuinfo", O_RDONLY) = 3
read(3, "processor\t: 0\nBogoMIPS\t: 48.00\n"..., 4096) = 1024
close(3)                                = 0
openat(AT_FDCWD, "/proc/meminfo", O_RDONLY) = 3
read(3, "MemTotal:       4096000 kB\nMemF"..., 4096) = 2048
close(3)                                = 0
openat(AT_FDCWD, "/sys/class/gpio/export", O_WRONLY|O_CREAT|O_TRUNC, 0666) = 3
write(3, "17", 2)                       = 2
close(3)                                = 0
openat(AT_FDCWD, "/sys/class/gpio/gpio17/direction", O_WRONLY) = 3
write(3, "out", 3)                      = 3
close(3)                                = 0
openat(AT_FDCWD, "/sys/class/gpio/gpio17/value", O_WRONLY) = 3
write(3, "1", 1)                        = 1
close(3)                                = 0
openat(AT_FDCWD, "/sys/class/gpio/gpio17/value", O_RDONLY) = 3
read(3, "1", 4096)                      = 1
close(3)                                = 0
ioctl(1, TIOCGWINSZ, {ws_row=24, ws_col=80, ws_xpixel=0, ws_ypixel=0}) = 0
write(1, "Rock 3 Application Starting...\n", 30) = 30
write(1, "\n\n", 2)                     = 2
write(1, "Running tests...\n", 17)      = 17
write(1, "\nTest 1: GPIO (GPIO17)\n", 23) = 23
write(1, "  Writing 1 to GPIO17...\n", 24) = 24
nanosleep({tv_sec=0, tv_nsec=500000000}, NULL) = 0
openat(AT_FDCWD, "/sys/class/gpio/gpio17/value", O_RDONLY) = 3
read(3, "1", 4096)                      = 1
close(3)                                = 0
write(1, "  GPIO17 = 1\n", 14)          = 14
write(1, "  \x1b[32m\xe2\x9c\x94 GPIO test passed\x1b[0m\n", 38) = 38
write(1, "\nTest 2: Temperature Sensor\n", 26) = 26
openat(AT_FDCWD, "/sys/class/thermal/thermal_zone0/temp", O_RDONLY) = 3
read(3, "55000\n", 4096)                = 6
close(3)                                = 0
write(1, "  Temperature: 55\xc2\xb0C\n", 24) = 24
write(1, "  \x1b[32m\xe2\x9c\x94 Temperature test passed\x1b[0m\n", 45) = 45
write(1, "\nTest 3: Memory\n", 16)      = 16
openat(AT_FDCWD, "/proc/meminfo", O_RDONLY) = 3
read(3, "MemTotal:       4096000 kB\nMemF"..., 4096) = 2048
close(3)                                = 0
write(1, "  Memory usage: 23.5%\n", 23) = 23
write(1, "  \x1b[32m\xe2\x9c\x94 Memory test passed\x1b[0m\n", 40) = 40
write(1, "\nTest 4: CPU\n", 14)         = 14
openat(AT_FDCWD, "/proc/stat", O_RDONLY) = 3
read(3, "cpu  12345 0 6789 234567 1234 5"..., 4096) = 1024
close(3)                                = 0
write(1, "  CPU usage: 15.3%\n", 21)    = 21
write(1, "  \x1b[32m\xe2\x9c\x94 CPU test passed\x1b[0m\n", 38) = 38
write(1, "\nTest 5: Network\n", 17)     = 17
write(1, "  IP address: 192.168.1.100\n", 29) = 29
write(1, "  \x1b[32m\xe2\x9c\x94 Network test passed\x1b[0m\n", 42) = 42
write(1, "\n", 1)                       = 1
write(1, "========================================", 40) = 40
write(1, "\n", 1)                       = 1
write(1, "\x1b[32m\xe2\x9c\x94 All tests passed!\x1b[0m\n", 40) = 40
write(1, "========================================", 40) = 40
write(1, "\n", 1)                       = 1
exit_group(0)                           = ?
+++ exited with 0 +++
